<?xml version="1.0" encoding="UTF-8"?>
<!-- Generated by org.testng.reporters.JUnitReportReporter -->
<testsuite hostname="LAPTOP-787JGQK4" failures="0" tests="3" name="testng.priorityt" time="0.015" errors="0" timestamp="2023-09-01T17:33:59 IST" skipped="0">
  <testcase classname="testng.priorityt" name="m2" time="0.011"/>
  <system-out>
    <![CDATA[had you done your breakfast]]>
  </system-out>
  <testcase classname="testng.priorityt" name="m3" time="0.001"/>
  <system-out>
    <![CDATA[had you done lunch]]>
  </system-out>
  <testcase classname="testng.priorityt" name="m1" time="0.003"/>
  <system-out>
    <![CDATA[had you done your Dinner]]>
  </system-out>
</testsuite> <!-- testng.priorityt -->
