<?xml version="1.0" encoding="UTF-8"?>
<!-- Generated by org.testng.reporters.JUnitReportReporter -->
<testsuite hostname="LAPTOP-787JGQK4" failures="0" tests="10" name="testng.invocation" time="0.022" errors="0" timestamp="2023-09-01T17:30:49 IST" skipped="0">
  <testcase classname="testng.invocation" name="m1" time="0.001"/>
  <system-out>
    <![CDATA[had you done your Dinner]]>
  </system-out>
  <testcase classname="testng.invocation" name="m1" time="0.000"/>
  <system-out>
    <![CDATA[had you done your Dinner]]>
  </system-out>
  <testcase classname="testng.invocation" name="m1" time="0.001"/>
  <system-out>
    <![CDATA[had you done your Dinner]]>
  </system-out>
  <testcase classname="testng.invocation" name="m1" time="0.001"/>
  <system-out>
    <![CDATA[had you done your Dinner]]>
  </system-out>
  <testcase classname="testng.invocation" name="m1" time="0.014"/>
  <system-out>
    <![CDATA[had you done your Dinner]]>
  </system-out>
  <testcase classname="testng.invocation" name="m1" time="0.001"/>
  <system-out>
    <![CDATA[had you done your Dinner]]>
  </system-out>
  <testcase classname="testng.invocation" name="m1" time="0.000"/>
  <system-out>
    <![CDATA[had you done your Dinner]]>
  </system-out>
  <testcase classname="testng.invocation" name="m1" time="0.002"/>
  <system-out>
    <![CDATA[had you done your Dinner]]>
  </system-out>
  <testcase classname="testng.invocation" name="m1" time="0.001"/>
  <system-out>
    <![CDATA[had you done your Dinner]]>
  </system-out>
  <testcase classname="testng.invocation" name="m1" time="0.001"/>
  <system-out>
    <![CDATA[had you done your Dinner]]>
  </system-out>
</testsuite> <!-- testng.invocation -->
