<?xml version="1.0" encoding="UTF-8"?>
<!-- Generated by org.testng.reporters.JUnitReportReporter -->
<testsuite hostname="LAPTOP-787JGQK4" failures="0" tests="1" name="testng.singlemethod" time="0.020" errors="0" timestamp="2023-08-30T21:33:50 IST" skipped="0">
  <testcase classname="testng.singlemethod" name="show" time="0.020"/>
  <system-out>
    <![CDATA[hi iam using single method]]>
  </system-out>
</testsuite> <!-- testng.singlemethod -->
