<?xml version="1.0" encoding="UTF-8"?>
<!-- Generated by org.testng.reporters.JUnitReportReporter -->
<testsuite hostname="LAPTOP-787JGQK4" failures="0" tests="3" name="testng.enab" time="0.014" errors="0" timestamp="2023-09-01T19:31:48 IST" skipped="1">
  <testcase classname="testng.enab" name="m2" time="0.012"/>
  <system-out>
    <![CDATA[had you done your breakfast]]>
  </system-out>
  <testcase classname="testng.enab" name="m3" time="0.002"/>
  <system-out>
    <![CDATA[had you done lunch]]>
  </system-out>
  <testcase classname="testng.enab" name="m1">
    <skipped/>
  </testcase> <!-- m1 -->
  <system-out/>
</testsuite> <!-- testng.enab -->
